[2022-01-20T14:15:21.021Z] [INFO ] [com.minhduc.tuto.springboot.keycloak.KeycloakAndBasicAuthApplication:55] [main] - Starting KeycloakAndBasicAuthApplication on VWIFBOLBO0RS with PID 19528 (C:\Users\ue1phot\git\SpringBoot\KeycloakAndBasicAuth\target\classes started by UE1PHOT in C:\Users\ue1phot\git\SpringBoot\KeycloakAndBasicAuth)
[2022-01-20T14:15:21.021Z] [DEBUG] [com.minhduc.tuto.springboot.keycloak.KeycloakAndBasicAuthApplication:56] [main] - Running with Spring Boot v2.2.4.RELEASE, Spring v5.2.3.RELEASE
[2022-01-20T14:15:21.021Z] [INFO ] [com.minhduc.tuto.springboot.keycloak.KeycloakAndBasicAuthApplication:651] [main] - No active profile set, falling back to default profiles: default
[2022-01-20T14:15:21.021Z] [INFO ] [org.springframework.data.repository.config.RepositoryConfigurationDelegate:127] [main] - Bootstrapping Spring Data JPA repositories in DEFAULT mode.
[2022-01-20T14:15:22.022Z] [INFO ] [org.springframework.data.repository.config.RepositoryConfigurationDelegate:187] [main] - Finished Spring Data repository scanning in 46ms. Found 1 JPA repository interfaces.
[2022-01-20T14:15:22.022Z] [INFO ] [org.springframework.context.support.PostProcessorRegistrationDelegate$BeanPostProcessorChecker:330] [main] - Bean 'org.springframework.ws.config.annotation.DelegatingWsConfiguration' of type [org.springframework.ws.config.annotation.DelegatingWsConfiguration$$EnhancerBySpringCGLIB$$7bbeed03] is not eligible for getting processed by all BeanPostProcessors (for example: not eligible for auto-proxying)
[2022-01-20T14:15:22.022Z] [INFO ] [org.springframework.ws.soap.addressing.server.AnnotationActionEndpointMapping:236] [main] - Supporting [WS-Addressing August 2004, WS-Addressing 1.0]
[2022-01-20T14:15:22.022Z] [INFO ] [org.springframework.context.support.PostProcessorRegistrationDelegate$BeanPostProcessorChecker:330] [main] - Bean 'org.springframework.transaction.annotation.ProxyTransactionManagementConfiguration' of type [org.springframework.transaction.annotation.ProxyTransactionManagementConfiguration] is not eligible for getting processed by all BeanPostProcessors (for example: not eligible for auto-proxying)
[2022-01-20T14:15:22.022Z] [INFO ] [org.springframework.boot.web.embedded.tomcat.TomcatWebServer:92] [main] - Tomcat initialized with port(s): 9200 (https)
[2022-01-20T14:15:22.022Z] [INFO ] [org.apache.coyote.http11.Http11NioProtocol:173] [main] - Initializing ProtocolHandler ["https-jsse-nio-9200"]
[2022-01-20T14:15:22.022Z] [INFO ] [org.apache.catalina.core.StandardService:173] [main] - Starting service [Tomcat]
[2022-01-20T14:15:22.022Z] [INFO ] [org.apache.catalina.core.StandardEngine:173] [main] - Starting Servlet engine: [Apache Tomcat/9.0.30]
[2022-01-20T14:15:22.022Z] [INFO ] [org.apache.catalina.core.ContainerBase.[Tomcat].[localhost].[/]:173] [main] - Initializing Spring embedded WebApplicationContext
[2022-01-20T14:15:22.022Z] [INFO ] [org.springframework.web.context.ContextLoader:284] [main] - Root WebApplicationContext: initialization completed in 1206 ms
[2022-01-20T14:15:22.022Z] [WARN ] [org.springframework.boot.autoconfigure.orm.jpa.JpaBaseConfiguration$JpaWebConfiguration:220] [main] - spring.jpa.open-in-view is enabled by default. Therefore, database queries may be performed during view rendering. Explicitly configure spring.jpa.open-in-view to disable this warning
[2022-01-20T14:15:22.022Z] [INFO ] [com.zaxxer.hikari.HikariDataSource:110] [main] - HikariPool-1 - Starting...
[2022-01-20T14:15:22.022Z] [WARN ] [com.zaxxer.hikari.util.DriverDataSource:70] [main] - Registered driver with driverClassName=org.hsqldb.jdbcDriver was not found, trying direct instantiation.
[2022-01-20T14:15:22.022Z] [INFO ] [com.zaxxer.hikari.pool.PoolBase:531] [main] - HikariPool-1 - Driver does not support get/set network timeout for connections. (feature not supported)
[2022-01-20T14:15:22.022Z] [INFO ] [com.zaxxer.hikari.HikariDataSource:123] [main] - HikariPool-1 - Start completed.
[2022-01-20T14:15:23.023Z] [INFO ] [org.hibernate.jpa.internal.util.LogHelper:31] [main] - HHH000204: Processing PersistenceUnitInfo [name: default]
[2022-01-20T14:15:23.023Z] [INFO ] [org.hibernate.Version:46] [main] - HHH000412: Hibernate Core {5.4.10.Final}
[2022-01-20T14:15:23.023Z] [INFO ] [org.hibernate.annotations.common.Version:49] [main] - HCANN000001: Hibernate Commons Annotations {5.1.0.Final}
[2022-01-20T14:15:23.023Z] [INFO ] [org.hibernate.dialect.Dialect:172] [main] - HHH000400: Using dialect: org.hibernate.dialect.HSQLDialect
[2022-01-20T14:15:23.023Z] [INFO ] [org.hibernate.engine.transaction.jta.platform.internal.JtaPlatformInitiator:52] [main] - HHH000490: Using JtaPlatform implementation: [org.hibernate.engine.transaction.jta.platform.internal.NoJtaPlatform]
[2022-01-20T14:15:23.023Z] [INFO ] [org.springframework.orm.jpa.LocalContainerEntityManagerFactoryBean:416] [main] - Initialized JPA EntityManagerFactory for persistence unit 'default'
[2022-01-20T14:15:24.024Z] [INFO ] [org.springframework.security.web.DefaultSecurityFilterChain:43] [main] - Creating filter chain: OrRequestMatcher [requestMatchers=[Ant [pattern='/rest*'], Ant [pattern='/rest/**']]], [org.springframework.security.web.context.request.async.WebAsyncManagerIntegrationFilter@5a7b6b75, org.springframework.security.web.context.SecurityContextPersistenceFilter@2f04993d, org.springframework.security.web.header.HeaderWriterFilter@165614f5, org.springframework.web.filter.CorsFilter@3719360c, org.springframework.security.web.authentication.logout.LogoutFilter@74e497ae, org.springframework.security.web.authentication.www.BasicAuthenticationFilter@71369e1a, org.springframework.security.web.savedrequest.RequestCacheAwareFilter@103c97ff, org.springframework.security.web.servletapi.SecurityContextHolderAwareRequestFilter@2b79c8ff, org.springframework.security.web.authentication.AnonymousAuthenticationFilter@3afca2c, org.springframework.security.web.session.SessionManagementFilter@5b0902b4, org.springframework.security.web.access.ExceptionTranslationFilter@71789580, org.springframework.security.web.access.intercept.FilterSecurityInterceptor@3962ec84]
[2022-01-20T14:15:24.024Z] [INFO ] [org.springframework.security.web.DefaultSecurityFilterChain:43] [main] - Creating filter chain: any request, [org.springframework.security.web.context.request.async.WebAsyncManagerIntegrationFilter@61853c7e, org.springframework.security.web.context.SecurityContextPersistenceFilter@6d31f106, org.springframework.security.web.header.HeaderWriterFilter@532dacf5, org.springframework.web.filter.CorsFilter@32e5af53, org.keycloak.adapters.springsecurity.filter.KeycloakPreAuthActionsFilter@2f9dda71, org.keycloak.adapters.springsecurity.filter.KeycloakAuthenticationProcessingFilter@35e98af, org.springframework.security.web.authentication.logout.LogoutFilter@d6b532f, org.springframework.security.web.savedrequest.RequestCacheAwareFilter@587f4f63, org.springframework.security.web.servletapi.SecurityContextHolderAwareRequestFilter@660b1a9d, org.keycloak.adapters.springsecurity.filter.KeycloakSecurityContextRequestFilter@707865bd, org.keycloak.adapters.springsecurity.filter.KeycloakAuthenticatedActionsFilter@31f77791, org.springframework.security.web.authentication.AnonymousAuthenticationFilter@5980fa73, org.springframework.security.web.session.SessionManagementFilter@da09250, org.springframework.security.web.access.ExceptionTranslationFilter@6d7b001b, org.springframework.security.web.access.intercept.FilterSecurityInterceptor@2bfc2f8b]
[2022-01-20T14:15:24.024Z] [INFO ] [org.springframework.scheduling.concurrent.ThreadPoolTaskExecutor:171] [main] - Initializing ExecutorService 'applicationTaskExecutor'
[2022-01-20T14:15:24.024Z] [INFO ] [org.apache.coyote.http11.Http11NioProtocol:173] [main] - Starting ProtocolHandler ["https-jsse-nio-9200"]
[2022-01-20T14:15:24.024Z] [INFO ] [org.apache.coyote.http11.Http11NioProtocol:173] [main] - Pausing ProtocolHandler ["https-jsse-nio-9200"]
[2022-01-20T14:15:24.024Z] [INFO ] [org.apache.catalina.core.StandardService:173] [main] - Stopping service [Tomcat]
[2022-01-20T14:15:24.024Z] [WARN ] [org.apache.catalina.loader.WebappClassLoaderBase:173] [main] - The web application [ROOT] appears to have started a thread named [HikariPool-1 housekeeper] but has failed to stop it. This is very likely to create a memory leak. Stack trace of thread:
 sun.misc.Unsafe.park(Native Method)
 java.util.concurrent.locks.LockSupport.parkNanos(LockSupport.java:215)
 java.util.concurrent.locks.AbstractQueuedSynchronizer$ConditionObject.awaitNanos(AbstractQueuedSynchronizer.java:2078)
 java.util.concurrent.ScheduledThreadPoolExecutor$DelayedWorkQueue.take(ScheduledThreadPoolExecutor.java:1093)
 java.util.concurrent.ScheduledThreadPoolExecutor$DelayedWorkQueue.take(ScheduledThreadPoolExecutor.java:809)
 java.util.concurrent.ThreadPoolExecutor.getTask(ThreadPoolExecutor.java:1074)
 java.util.concurrent.ThreadPoolExecutor.runWorker(ThreadPoolExecutor.java:1134)
 java.util.concurrent.ThreadPoolExecutor$Worker.run(ThreadPoolExecutor.java:624)
 java.lang.Thread.run(Thread.java:748)
[2022-01-20T14:15:24.024Z] [WARN ] [org.apache.catalina.loader.WebappClassLoaderBase:173] [main] - The web application [ROOT] appears to have started a thread named [HikariPool-1 connection adder] but has failed to stop it. This is very likely to create a memory leak. Stack trace of thread:
 sun.misc.Unsafe.park(Native Method)
 java.util.concurrent.locks.LockSupport.parkNanos(LockSupport.java:215)
 java.util.concurrent.locks.AbstractQueuedSynchronizer$ConditionObject.awaitNanos(AbstractQueuedSynchronizer.java:2078)
 java.util.concurrent.LinkedBlockingQueue.poll(LinkedBlockingQueue.java:467)
 java.util.concurrent.ThreadPoolExecutor.getTask(ThreadPoolExecutor.java:1073)
 java.util.concurrent.ThreadPoolExecutor.runWorker(ThreadPoolExecutor.java:1134)
 java.util.concurrent.ThreadPoolExecutor$Worker.run(ThreadPoolExecutor.java:624)
 java.lang.Thread.run(Thread.java:748)
[2022-01-20T14:15:24.024Z] [INFO ] [org.apache.coyote.http11.Http11NioProtocol:173] [main] - Stopping ProtocolHandler ["https-jsse-nio-9200"]
[2022-01-20T14:15:24.024Z] [INFO ] [org.apache.coyote.http11.Http11NioProtocol:173] [main] - Destroying ProtocolHandler ["https-jsse-nio-9200"]
[2022-01-20T14:15:24.024Z] [INFO ] [org.springframework.boot.autoconfigure.logging.ConditionEvaluationReportLoggingListener:136] [main] - 

Error starting ApplicationContext. To display the conditions report re-run your application with 'debug' enabled.
[2022-01-20T14:15:24.024Z] [ERROR] [org.springframework.boot.diagnostics.LoggingFailureAnalysisReporter:40] [main] - 

***************************
APPLICATION FAILED TO START
***************************

Description:

Web server failed to start. Port 9200 was already in use.

Action:

Identify and stop the process that's listening on port 9200 or configure this application to listen on another port.

[2022-01-20T14:15:24.024Z] [INFO ] [org.springframework.scheduling.concurrent.ThreadPoolTaskExecutor:208] [main] - Shutting down ExecutorService 'applicationTaskExecutor'
[2022-01-20T14:15:24.024Z] [INFO ] [org.springframework.orm.jpa.LocalContainerEntityManagerFactoryBean:598] [main] - Closing JPA EntityManagerFactory for persistence unit 'default'
[2022-01-20T14:15:24.024Z] [INFO ] [org.hibernate.tool.schema.internal.SchemaDropperImpl$DelayedDropActionImpl:524] [main] - HHH000477: Starting delayed evictData of schema as part of SessionFactory shut-down'
[2022-01-20T14:15:24.024Z] [INFO ] [com.zaxxer.hikari.HikariDataSource:350] [main] - HikariPool-1 - Shutdown initiated...
[2022-01-20T14:15:24.024Z] [INFO ] [com.zaxxer.hikari.HikariDataSource:352] [main] - HikariPool-1 - Shutdown completed.
[2022-01-20T14:15:39.039Z] [INFO ] [com.minhduc.tuto.springboot.keycloak.KeycloakAndBasicAuthApplication:55] [main] - Starting KeycloakAndBasicAuthApplication on VWIFBOLBO0RS with PID 21600 (C:\Users\ue1phot\git\SpringBoot\KeycloakAndBasicAuth\target\classes started by UE1PHOT in C:\Users\ue1phot\git\SpringBoot\KeycloakAndBasicAuth)
[2022-01-20T14:15:39.039Z] [DEBUG] [com.minhduc.tuto.springboot.keycloak.KeycloakAndBasicAuthApplication:56] [main] - Running with Spring Boot v2.2.4.RELEASE, Spring v5.2.3.RELEASE
[2022-01-20T14:15:39.039Z] [INFO ] [com.minhduc.tuto.springboot.keycloak.KeycloakAndBasicAuthApplication:651] [main] - No active profile set, falling back to default profiles: default
[2022-01-20T14:15:40.040Z] [INFO ] [org.springframework.data.repository.config.RepositoryConfigurationDelegate:127] [main] - Bootstrapping Spring Data JPA repositories in DEFAULT mode.
[2022-01-20T14:15:40.040Z] [INFO ] [org.springframework.data.repository.config.RepositoryConfigurationDelegate:187] [main] - Finished Spring Data repository scanning in 43ms. Found 1 JPA repository interfaces.
[2022-01-20T14:15:40.040Z] [INFO ] [org.springframework.context.support.PostProcessorRegistrationDelegate$BeanPostProcessorChecker:330] [main] - Bean 'org.springframework.ws.config.annotation.DelegatingWsConfiguration' of type [org.springframework.ws.config.annotation.DelegatingWsConfiguration$$EnhancerBySpringCGLIB$$427cb065] is not eligible for getting processed by all BeanPostProcessors (for example: not eligible for auto-proxying)
[2022-01-20T14:15:40.040Z] [INFO ] [org.springframework.ws.soap.addressing.server.AnnotationActionEndpointMapping:236] [main] - Supporting [WS-Addressing August 2004, WS-Addressing 1.0]
[2022-01-20T14:15:40.040Z] [INFO ] [org.springframework.context.support.PostProcessorRegistrationDelegate$BeanPostProcessorChecker:330] [main] - Bean 'org.springframework.transaction.annotation.ProxyTransactionManagementConfiguration' of type [org.springframework.transaction.annotation.ProxyTransactionManagementConfiguration] is not eligible for getting processed by all BeanPostProcessors (for example: not eligible for auto-proxying)
[2022-01-20T14:15:40.040Z] [INFO ] [org.springframework.boot.web.embedded.tomcat.TomcatWebServer:92] [main] - Tomcat initialized with port(s): 9200 (https)
[2022-01-20T14:15:40.040Z] [INFO ] [org.apache.coyote.http11.Http11NioProtocol:173] [main] - Initializing ProtocolHandler ["https-jsse-nio-9200"]
[2022-01-20T14:15:40.040Z] [INFO ] [org.apache.catalina.core.StandardService:173] [main] - Starting service [Tomcat]
[2022-01-20T14:15:40.040Z] [INFO ] [org.apache.catalina.core.StandardEngine:173] [main] - Starting Servlet engine: [Apache Tomcat/9.0.30]
[2022-01-20T14:15:41.041Z] [INFO ] [org.apache.catalina.core.ContainerBase.[Tomcat].[localhost].[/]:173] [main] - Initializing Spring embedded WebApplicationContext
[2022-01-20T14:15:41.041Z] [INFO ] [org.springframework.web.context.ContextLoader:284] [main] - Root WebApplicationContext: initialization completed in 1149 ms
[2022-01-20T14:15:41.041Z] [WARN ] [org.springframework.boot.autoconfigure.orm.jpa.JpaBaseConfiguration$JpaWebConfiguration:220] [main] - spring.jpa.open-in-view is enabled by default. Therefore, database queries may be performed during view rendering. Explicitly configure spring.jpa.open-in-view to disable this warning
[2022-01-20T14:15:41.041Z] [INFO ] [com.zaxxer.hikari.HikariDataSource:110] [main] - HikariPool-1 - Starting...
[2022-01-20T14:15:41.041Z] [WARN ] [com.zaxxer.hikari.util.DriverDataSource:70] [main] - Registered driver with driverClassName=org.hsqldb.jdbcDriver was not found, trying direct instantiation.
[2022-01-20T14:15:41.041Z] [INFO ] [com.zaxxer.hikari.pool.PoolBase:531] [main] - HikariPool-1 - Driver does not support get/set network timeout for connections. (feature not supported)
[2022-01-20T14:15:41.041Z] [INFO ] [com.zaxxer.hikari.HikariDataSource:123] [main] - HikariPool-1 - Start completed.
[2022-01-20T14:15:41.041Z] [INFO ] [org.hibernate.jpa.internal.util.LogHelper:31] [main] - HHH000204: Processing PersistenceUnitInfo [name: default]
[2022-01-20T14:15:41.041Z] [INFO ] [org.hibernate.Version:46] [main] - HHH000412: Hibernate Core {5.4.10.Final}
[2022-01-20T14:15:41.041Z] [INFO ] [org.hibernate.annotations.common.Version:49] [main] - HCANN000001: Hibernate Commons Annotations {5.1.0.Final}
[2022-01-20T14:15:41.041Z] [INFO ] [org.hibernate.dialect.Dialect:172] [main] - HHH000400: Using dialect: org.hibernate.dialect.HSQLDialect
[2022-01-20T14:15:42.042Z] [INFO ] [org.hibernate.engine.transaction.jta.platform.internal.JtaPlatformInitiator:52] [main] - HHH000490: Using JtaPlatform implementation: [org.hibernate.engine.transaction.jta.platform.internal.NoJtaPlatform]
[2022-01-20T14:15:42.042Z] [INFO ] [org.springframework.orm.jpa.LocalContainerEntityManagerFactoryBean:416] [main] - Initialized JPA EntityManagerFactory for persistence unit 'default'
[2022-01-20T14:15:42.042Z] [INFO ] [org.springframework.security.web.DefaultSecurityFilterChain:43] [main] - Creating filter chain: OrRequestMatcher [requestMatchers=[Ant [pattern='/rest*'], Ant [pattern='/rest/**']]], [org.springframework.security.web.context.request.async.WebAsyncManagerIntegrationFilter@7336fd8f, org.springframework.security.web.context.SecurityContextPersistenceFilter@d36c1c3, org.springframework.security.web.header.HeaderWriterFilter@68e5c7ae, org.springframework.web.filter.CorsFilter@701c223a, org.springframework.security.web.authentication.logout.LogoutFilter@23ee2ccf, org.springframework.security.web.authentication.www.BasicAuthenticationFilter@5f56424d, org.springframework.security.web.savedrequest.RequestCacheAwareFilter@4d69d288, org.springframework.security.web.servletapi.SecurityContextHolderAwareRequestFilter@9a9aa68, org.springframework.security.web.authentication.AnonymousAuthenticationFilter@550c973e, org.springframework.security.web.session.SessionManagementFilter@6744707b, org.springframework.security.web.access.ExceptionTranslationFilter@684ce74c, org.springframework.security.web.access.intercept.FilterSecurityInterceptor@3ccb12d]
[2022-01-20T14:15:42.042Z] [INFO ] [org.springframework.security.web.DefaultSecurityFilterChain:43] [main] - Creating filter chain: any request, [org.springframework.security.web.context.request.async.WebAsyncManagerIntegrationFilter@5a7b6b75, org.springframework.security.web.context.SecurityContextPersistenceFilter@60b616c8, org.springframework.security.web.header.HeaderWriterFilter@539fc5d1, org.springframework.web.filter.CorsFilter@3719360c, org.keycloak.adapters.springsecurity.filter.KeycloakPreAuthActionsFilter@13866329, org.keycloak.adapters.springsecurity.filter.KeycloakAuthenticationProcessingFilter@67f9cb52, org.springframework.security.web.authentication.logout.LogoutFilter@7b8aebd0, org.springframework.security.web.savedrequest.RequestCacheAwareFilter@3962ec84, org.springframework.security.web.servletapi.SecurityContextHolderAwareRequestFilter@147e0734, org.keycloak.adapters.springsecurity.filter.KeycloakSecurityContextRequestFilter@7fd4e815, org.keycloak.adapters.springsecurity.filter.KeycloakAuthenticatedActionsFilter@5f6b53ed, org.springframework.security.web.authentication.AnonymousAuthenticationFilter@3afca2c, org.springframework.security.web.session.SessionManagementFilter@4cae66a8, org.springframework.security.web.access.ExceptionTranslationFilter@7e94e331, org.springframework.security.web.access.intercept.FilterSecurityInterceptor@1f949ab9]
[2022-01-20T14:15:42.042Z] [INFO ] [org.springframework.scheduling.concurrent.ThreadPoolTaskExecutor:171] [main] - Initializing ExecutorService 'applicationTaskExecutor'
[2022-01-20T14:15:42.042Z] [INFO ] [org.apache.coyote.http11.Http11NioProtocol:173] [main] - Starting ProtocolHandler ["https-jsse-nio-9200"]
[2022-01-20T14:15:44.044Z] [INFO ] [org.springframework.boot.web.embedded.tomcat.TomcatWebServer:204] [main] - Tomcat started on port(s): 9200 (https) with context path ''
[2022-01-20T14:15:44.044Z] [INFO ] [com.minhduc.tuto.springboot.keycloak.KeycloakAndBasicAuthApplication:61] [main] - Started KeycloakAndBasicAuthApplication in 4.414 seconds (JVM running for 5.561)
[2022-01-20T14:15:49.049Z] [INFO ] [org.apache.catalina.core.ContainerBase.[Tomcat].[localhost].[/]:173] [https-jsse-nio-9200-exec-4] - Initializing Spring DispatcherServlet 'dispatcherServlet'
[2022-01-20T14:15:49.049Z] [INFO ] [org.springframework.web.servlet.DispatcherServlet:525] [https-jsse-nio-9200-exec-4] - Initializing Servlet 'dispatcherServlet'
[2022-01-20T14:15:49.049Z] [INFO ] [org.springframework.web.servlet.DispatcherServlet:547] [https-jsse-nio-9200-exec-4] - Completed initialization in 5 ms
[2022-01-20T14:15:49.049Z] [INFO ] [org.keycloak.adapters.KeycloakDeployment:199] [https-jsse-nio-9200-exec-5] - Loaded URLs from http://localhost:8080/auth/realms/SpringBootRealm/.well-known/openid-configuration
[2022-01-20T14:15:49.049Z] [INFO ] [com.minhduc.tuto.springboot.keycloak.config.CustomKeycloakAuthenticationProvider:37] [https-jsse-nio-9200-exec-6] - user {} logged successfully!
[2022-01-20T14:16:10.010Z] [INFO ] [com.minhduc.tuto.springboot.keycloak.config.CustomKeycloakAuthenticationProvider:37] [https-jsse-nio-9200-exec-2] - user {} logged successfully!
[2022-01-20T14:16:31.031Z] [INFO ] [org.springframework.boot.admin.SpringApplicationAdminMXBeanRegistrar$SpringApplicationAdmin:159] [RMI TCP Connection(4)-127.0.0.1] - Application shutdown requested.
[2022-01-20T14:16:31.031Z] [INFO ] [org.springframework.scheduling.concurrent.ThreadPoolTaskExecutor:208] [RMI TCP Connection(4)-127.0.0.1] - Shutting down ExecutorService 'applicationTaskExecutor'
[2022-01-20T14:16:31.031Z] [INFO ] [org.springframework.orm.jpa.LocalContainerEntityManagerFactoryBean:598] [RMI TCP Connection(4)-127.0.0.1] - Closing JPA EntityManagerFactory for persistence unit 'default'
[2022-01-20T14:16:31.031Z] [INFO ] [org.hibernate.tool.schema.internal.SchemaDropperImpl$DelayedDropActionImpl:524] [RMI TCP Connection(4)-127.0.0.1] - HHH000477: Starting delayed evictData of schema as part of SessionFactory shut-down'
[2022-01-20T14:16:31.031Z] [INFO ] [com.zaxxer.hikari.HikariDataSource:350] [RMI TCP Connection(4)-127.0.0.1] - HikariPool-1 - Shutdown initiated...
[2022-01-20T14:16:31.031Z] [INFO ] [com.zaxxer.hikari.HikariDataSource:352] [RMI TCP Connection(4)-127.0.0.1] - HikariPool-1 - Shutdown completed.
[2022-01-20T14:16:38.038Z] [INFO ] [com.minhduc.tuto.springboot.keycloak.KeycloakAndBasicAuthApplication:55] [main] - Starting KeycloakAndBasicAuthApplication on VWIFBOLBO0RS with PID 21376 (C:\Users\ue1phot\git\SpringBoot\KeycloakAndBasicAuth\target\classes started by UE1PHOT in C:\Users\ue1phot\git\SpringBoot\KeycloakAndBasicAuth)
[2022-01-20T14:16:38.038Z] [DEBUG] [com.minhduc.tuto.springboot.keycloak.KeycloakAndBasicAuthApplication:56] [main] - Running with Spring Boot v2.2.4.RELEASE, Spring v5.2.3.RELEASE
[2022-01-20T14:16:38.038Z] [INFO ] [com.minhduc.tuto.springboot.keycloak.KeycloakAndBasicAuthApplication:651] [main] - No active profile set, falling back to default profiles: default
[2022-01-20T14:16:39.039Z] [INFO ] [org.springframework.data.repository.config.RepositoryConfigurationDelegate:127] [main] - Bootstrapping Spring Data JPA repositories in DEFAULT mode.
[2022-01-20T14:16:39.039Z] [INFO ] [org.springframework.data.repository.config.RepositoryConfigurationDelegate:187] [main] - Finished Spring Data repository scanning in 40ms. Found 1 JPA repository interfaces.
[2022-01-20T14:16:39.039Z] [INFO ] [org.springframework.context.support.PostProcessorRegistrationDelegate$BeanPostProcessorChecker:330] [main] - Bean 'org.springframework.ws.config.annotation.DelegatingWsConfiguration' of type [org.springframework.ws.config.annotation.DelegatingWsConfiguration$$EnhancerBySpringCGLIB$$cf8e5729] is not eligible for getting processed by all BeanPostProcessors (for example: not eligible for auto-proxying)
[2022-01-20T14:16:39.039Z] [INFO ] [org.springframework.ws.soap.addressing.server.AnnotationActionEndpointMapping:236] [main] - Supporting [WS-Addressing August 2004, WS-Addressing 1.0]
[2022-01-20T14:16:39.039Z] [INFO ] [org.springframework.context.support.PostProcessorRegistrationDelegate$BeanPostProcessorChecker:330] [main] - Bean 'org.springframework.transaction.annotation.ProxyTransactionManagementConfiguration' of type [org.springframework.transaction.annotation.ProxyTransactionManagementConfiguration] is not eligible for getting processed by all BeanPostProcessors (for example: not eligible for auto-proxying)
[2022-01-20T14:16:39.039Z] [INFO ] [org.springframework.boot.web.embedded.tomcat.TomcatWebServer:92] [main] - Tomcat initialized with port(s): 9200 (https)
[2022-01-20T14:16:39.039Z] [INFO ] [org.apache.coyote.http11.Http11NioProtocol:173] [main] - Initializing ProtocolHandler ["https-jsse-nio-9200"]
[2022-01-20T14:16:39.039Z] [INFO ] [org.apache.catalina.core.StandardService:173] [main] - Starting service [Tomcat]
[2022-01-20T14:16:39.039Z] [INFO ] [org.apache.catalina.core.StandardEngine:173] [main] - Starting Servlet engine: [Apache Tomcat/9.0.30]
[2022-01-20T14:16:39.039Z] [INFO ] [org.apache.catalina.core.ContainerBase.[Tomcat].[localhost].[/]:173] [main] - Initializing Spring embedded WebApplicationContext
[2022-01-20T14:16:39.039Z] [INFO ] [org.springframework.web.context.ContextLoader:284] [main] - Root WebApplicationContext: initialization completed in 1069 ms
[2022-01-20T14:16:39.039Z] [WARN ] [org.springframework.boot.autoconfigure.orm.jpa.JpaBaseConfiguration$JpaWebConfiguration:220] [main] - spring.jpa.open-in-view is enabled by default. Therefore, database queries may be performed during view rendering. Explicitly configure spring.jpa.open-in-view to disable this warning
[2022-01-20T14:16:39.039Z] [INFO ] [com.zaxxer.hikari.HikariDataSource:110] [main] - HikariPool-1 - Starting...
[2022-01-20T14:16:39.039Z] [WARN ] [com.zaxxer.hikari.util.DriverDataSource:70] [main] - Registered driver with driverClassName=org.hsqldb.jdbcDriver was not found, trying direct instantiation.
[2022-01-20T14:16:40.040Z] [INFO ] [com.zaxxer.hikari.pool.PoolBase:531] [main] - HikariPool-1 - Driver does not support get/set network timeout for connections. (feature not supported)
[2022-01-20T14:16:40.040Z] [INFO ] [com.zaxxer.hikari.HikariDataSource:123] [main] - HikariPool-1 - Start completed.
[2022-01-20T14:16:40.040Z] [INFO ] [org.hibernate.jpa.internal.util.LogHelper:31] [main] - HHH000204: Processing PersistenceUnitInfo [name: default]
[2022-01-20T14:16:40.040Z] [INFO ] [org.hibernate.Version:46] [main] - HHH000412: Hibernate Core {5.4.10.Final}
[2022-01-20T14:16:40.040Z] [INFO ] [org.hibernate.annotations.common.Version:49] [main] - HCANN000001: Hibernate Commons Annotations {5.1.0.Final}
[2022-01-20T14:16:40.040Z] [INFO ] [org.hibernate.dialect.Dialect:172] [main] - HHH000400: Using dialect: org.hibernate.dialect.HSQLDialect
[2022-01-20T14:16:40.040Z] [INFO ] [org.hibernate.engine.transaction.jta.platform.internal.JtaPlatformInitiator:52] [main] - HHH000490: Using JtaPlatform implementation: [org.hibernate.engine.transaction.jta.platform.internal.NoJtaPlatform]
[2022-01-20T14:16:40.040Z] [INFO ] [org.springframework.orm.jpa.LocalContainerEntityManagerFactoryBean:416] [main] - Initialized JPA EntityManagerFactory for persistence unit 'default'
[2022-01-20T14:16:41.041Z] [INFO ] [org.springframework.security.web.DefaultSecurityFilterChain:43] [main] - Creating filter chain: OrRequestMatcher [requestMatchers=[Ant [pattern='/rest*'], Ant [pattern='/rest/**']]], [org.springframework.security.web.context.request.async.WebAsyncManagerIntegrationFilter@852ef8d, org.springframework.security.web.context.SecurityContextPersistenceFilter@70f148dc, org.springframework.security.web.header.HeaderWriterFilter@437281c5, org.springframework.web.filter.CorsFilter@44dd0d38, org.springframework.security.web.authentication.logout.LogoutFilter@103c97ff, org.springframework.security.web.authentication.www.BasicAuthenticationFilter@701c223a, org.springframework.security.web.savedrequest.RequestCacheAwareFilter@77aea, org.springframework.security.web.servletapi.SecurityContextHolderAwareRequestFilter@7708b66a, org.springframework.security.web.authentication.AnonymousAuthenticationFilter@7e94e331, org.springframework.security.web.session.SessionManagementFilter@24a4e2c5, org.springframework.security.web.access.ExceptionTranslationFilter@96abc76, org.springframework.security.web.access.intercept.FilterSecurityInterceptor@41fc0084]
[2022-01-20T14:16:41.041Z] [INFO ] [org.springframework.security.web.DefaultSecurityFilterChain:43] [main] - Creating filter chain: any request, [org.springframework.security.web.context.request.async.WebAsyncManagerIntegrationFilter@2cae5fa7, org.springframework.security.web.context.SecurityContextPersistenceFilter@4f64d9cb, org.springframework.security.web.header.HeaderWriterFilter@55222ee9, org.springframework.web.filter.CorsFilter@34aa8b61, org.keycloak.adapters.springsecurity.filter.KeycloakPreAuthActionsFilter@14b31e37, org.keycloak.adapters.springsecurity.filter.KeycloakAuthenticationProcessingFilter@1625789b, org.springframework.security.web.authentication.logout.LogoutFilter@71567f33, org.springframework.security.web.savedrequest.RequestCacheAwareFilter@639c7f9c, org.springframework.security.web.servletapi.SecurityContextHolderAwareRequestFilter@270d5060, org.keycloak.adapters.springsecurity.filter.KeycloakSecurityContextRequestFilter@6e1ae763, org.keycloak.adapters.springsecurity.filter.KeycloakAuthenticatedActionsFilter@62d40e31, org.springframework.security.web.authentication.AnonymousAuthenticationFilter@6d7b001b, org.springframework.security.web.session.SessionManagementFilter@3181d4de, org.springframework.security.web.access.ExceptionTranslationFilter@7b8aebd0, org.springframework.security.web.access.intercept.FilterSecurityInterceptor@3a209918]
[2022-01-20T14:16:41.041Z] [INFO ] [org.springframework.scheduling.concurrent.ThreadPoolTaskExecutor:171] [main] - Initializing ExecutorService 'applicationTaskExecutor'
[2022-01-20T14:16:41.041Z] [INFO ] [org.apache.coyote.http11.Http11NioProtocol:173] [main] - Starting ProtocolHandler ["https-jsse-nio-9200"]
[2022-01-20T14:16:42.042Z] [INFO ] [org.springframework.boot.web.embedded.tomcat.TomcatWebServer:204] [main] - Tomcat started on port(s): 9200 (https) with context path ''
[2022-01-20T14:16:42.042Z] [INFO ] [com.minhduc.tuto.springboot.keycloak.KeycloakAndBasicAuthApplication:61] [main] - Started KeycloakAndBasicAuthApplication in 4.006 seconds (JVM running for 5.066)
[2022-01-20T14:16:46.046Z] [INFO ] [org.apache.catalina.core.ContainerBase.[Tomcat].[localhost].[/]:173] [https-jsse-nio-9200-exec-4] - Initializing Spring DispatcherServlet 'dispatcherServlet'
[2022-01-20T14:16:46.046Z] [INFO ] [org.springframework.web.servlet.DispatcherServlet:525] [https-jsse-nio-9200-exec-4] - Initializing Servlet 'dispatcherServlet'
[2022-01-20T14:16:46.046Z] [INFO ] [org.springframework.web.servlet.DispatcherServlet:547] [https-jsse-nio-9200-exec-4] - Completed initialization in 6 ms
[2022-01-20T14:16:46.046Z] [INFO ] [org.keycloak.adapters.KeycloakDeployment:199] [https-jsse-nio-9200-exec-5] - Loaded URLs from http://localhost:8080/auth/realms/SpringBootRealm/.well-known/openid-configuration
[2022-01-20T14:16:46.046Z] [INFO ] [com.minhduc.tuto.springboot.keycloak.config.CustomKeycloakAuthenticationProvider:36] [https-jsse-nio-9200-exec-6] - user minhducngo logged successfully!
[2022-01-20T14:16:54.054Z] [INFO ] [org.springframework.boot.admin.SpringApplicationAdminMXBeanRegistrar$SpringApplicationAdmin:159] [RMI TCP Connection(3)-127.0.0.1] - Application shutdown requested.
[2022-01-20T14:16:54.054Z] [INFO ] [org.springframework.scheduling.concurrent.ThreadPoolTaskExecutor:208] [RMI TCP Connection(3)-127.0.0.1] - Shutting down ExecutorService 'applicationTaskExecutor'
[2022-01-20T14:16:54.054Z] [INFO ] [org.springframework.orm.jpa.LocalContainerEntityManagerFactoryBean:598] [RMI TCP Connection(3)-127.0.0.1] - Closing JPA EntityManagerFactory for persistence unit 'default'
[2022-01-20T14:16:54.054Z] [INFO ] [org.hibernate.tool.schema.internal.SchemaDropperImpl$DelayedDropActionImpl:524] [RMI TCP Connection(3)-127.0.0.1] - HHH000477: Starting delayed evictData of schema as part of SessionFactory shut-down'
[2022-01-20T14:16:54.054Z] [INFO ] [com.zaxxer.hikari.HikariDataSource:350] [RMI TCP Connection(3)-127.0.0.1] - HikariPool-1 - Shutdown initiated...
[2022-01-20T14:16:54.054Z] [INFO ] [com.zaxxer.hikari.HikariDataSource:352] [RMI TCP Connection(3)-127.0.0.1] - HikariPool-1 - Shutdown completed.
